<?xml version="1.0" encoding="utf-8"?><testsuites name="pytest tests"><testsuite name="pytest" errors="0" failures="0" skipped="0" tests="12" time="8.831" timestamp="2026-08-10T03:25:11.678319+00:00" hostname="agent-env-a0c8de72-b712-4b6a-9116-fcc54acdf45f"><testcase classname="tests.test_iteration2" name="test_building_lookup_exact" time="0.595" /><testcase classname="tests.test_iteration2" name="test_building_lookup_missing_returns_empty" time="0.105" /><testcase classname="tests.test_iteration2" name="test_building_search" time="0.099" /><testcase classname="tests.test_iteration2" name="test_submit_incomplete_returns_400" time="0.100" /><testcase classname="tests.test_iteration2" name="test_draft_incomplete_saves_ok" time="0.521" /><testcase classname="tests.test_iteration2" name="test_submit_complete_1m_all_items_ok" time="0.332" /><testcase classname="tests.test_iteration2" name="test_create_draft_for_edit" time="0.101" /><testcase classname="tests.test_iteration2" name="test_technician_can_edit_own_draft" time="0.103" /><testcase classname="tests.test_iteration2" name="test_edit_forbidden_after_submit" time="0.443" /><testcase classname="tests.test_iteration2" name="test_pdf_with_photo_attachment_larger" time="1.928" /><testcase classname="tests.test_iteration2" name="test_google_session_invalid_returns_401" time="0.165" /><testcase classname="tests.test_iteration2" name="test_spare_part_change_inventory_ok" time="4.264" /></testsuite></testsuites>