<?xml version="1.0" encoding="utf-8"?><testsuites name="pytest tests"><testsuite name="pytest" errors="0" failures="0" skipped="0" tests="68" time="91.649" timestamp="2026-08-10T08:25:45.829546+00:00" hostname="agent-env-a0c8de72-b712-4b6a-9116-fcc54acdf45f"><testcase classname="tests.backend_test" name="test_login_each_role[admin]" time="0.449" /><testcase classname="tests.backend_test" name="test_login_each_role[technician]" time="0.317" /><testcase classname="tests.backend_test" name="test_login_each_role[supervisor]" time="0.313" /><testcase classname="tests.backend_test" name="test_login_each_role[head_maintenance]" time="0.320" /><testcase classname="tests.backend_test" name="test_login_each_role[sales]" time="0.323" /><testcase classname="tests.backend_test" name="test_login_each_role[inventory]" time="0.314" /><testcase classname="tests.backend_test" name="test_login_each_role[customer]" time="0.315" /><testcase classname="tests.backend_test" name="test_login_invalid" time="0.318" /><testcase classname="tests.backend_test" name="test_auth_me" time="0.424" /><testcase classname="tests.backend_test" name="test_checklist_counts_and_photo_points" time="0.277" /><testcase classname="tests.backend_test" name="test_checklist_invalid_type" time="0.089" /><testcase classname="tests.backend_test" name="test_create_full_inspection" time="0.086" /><testcase classname="tests.backend_test" name="test_list_inspections_includes_created" time="0.100" /><testcase classname="tests.backend_test" name="test_get_inspection_by_id" time="0.407" /><testcase classname="tests.backend_test" name="test_technician_cannot_check" time="0.096" /><testcase classname="tests.backend_test" name="test_supervisor_can_check" time="0.097" /><testcase classname="tests.backend_test" name="test_supervisor_cannot_approve" time="0.089" /><testcase classname="tests.backend_test" name="test_head_maintenance_can_approve" time="0.403" /><testcase classname="tests.backend_test" name="test_sales_can_update_sales_status" time="1.159" /><testcase classname="tests.backend_test" name="test_sales_cannot_update_inventory_status" time="0.098" /><testcase classname="tests.backend_test" name="test_inventory_can_update_inventory_status" time="0.675" /><testcase classname="tests.backend_test" name="test_customer_can_update_po" time="0.701" /><testcase classname="tests.backend_test" name="test_customer_cannot_update_sales_status" time="0.092" /><testcase classname="tests.backend_test" name="test_spare_parts_aggregation" time="0.092" /><testcase classname="tests.backend_test" name="test_spare_parts_filters" time="0.187" /><testcase classname="tests.backend_test" name="test_dashboard_stats" time="0.416" /><testcase classname="tests.backend_test" name="test_upload_and_download_image" time="0.552" /><testcase classname="tests.backend_test" name="test_pdf_export" time="0.279" /><testcase classname="tests.backend_test" name="test_admin_create_and_list_user" time="0.490" /><testcase classname="tests.backend_test" name="test_non_admin_cannot_create_user" time="0.087" /><testcase classname="tests.test_iteration2" name="test_building_lookup_exact" time="0.408" /><testcase classname="tests.test_iteration2" name="test_building_lookup_missing_returns_empty" time="0.098" /><testcase classname="tests.test_iteration2" name="test_building_search" time="0.120" /><testcase classname="tests.test_iteration2" name="test_submit_incomplete_returns_400" time="0.103" /><testcase classname="tests.test_iteration2" name="test_draft_incomplete_saves_ok" time="0.491" /><testcase classname="tests.test_iteration2" name="test_submit_complete_1m_all_items_ok" time="0.268" /><testcase classname="tests.test_iteration2" name="test_create_draft_for_edit" time="0.094" /><testcase classname="tests.test_iteration2" name="test_technician_can_edit_own_draft" time="0.122" /><testcase classname="tests.test_iteration2" name="test_edit_forbidden_after_submit" time="0.376" /><testcase classname="tests.test_iteration2" name="test_pdf_with_photo_attachment_larger" time="1.549" /><testcase classname="tests.test_iteration2" name="test_google_session_invalid_returns_401" time="0.172" /><testcase classname="tests.test_iteration2" name="test_spare_part_change_inventory_ok" time="1.523" /><testcase classname="tests.test_iteration3" name="test_sir_pdf_filename_and_type" time="1.188" /><testcase classname="tests.test_iteration3" name="test_sir_status_workflow_and_downgrade_rules" time="2.875" /><testcase classname="tests.test_iteration3" name="test_sir_add_signature_role_gating" time="0.772" /><testcase classname="tests.test_iteration3" name="test_ecr_create_list_get" time="0.307" /><testcase classname="tests.test_iteration3" name="test_ecr_edit_draft_ok_and_forbid_after_submit" time="0.300" /><testcase classname="tests.test_iteration3" name="test_ecr_signature_role_gating" time="0.276" /><testcase classname="tests.test_iteration3" name="test_ecr_status_approved_downgrade_only_head" time="0.373" /><testcase classname="tests.test_iteration3" name="test_ecr_pdf_filename" time="0.266" /><testcase classname="tests.test_iteration3" name="test_ecr_delete_by_owner" time="0.190" /><testcase classname="tests.test_iteration3" name="test_hor_create" time="0.186" /><testcase classname="tests.test_iteration3" name="test_hor_signature_keys" time="0.502" /><testcase classname="tests.test_iteration3" name="test_hor_pdf_filename" time="0.382" /><testcase classname="tests.test_iteration3" name="test_invalid_report_type_returns_400" time="0.100" /><testcase classname="tests.test_iteration4.TestPdfTokens" name="test_inspection_pdf_requires_token" time="2.863" /><testcase classname="tests.test_iteration4.TestPdfTokens" name="test_report_pdf_requires_token" time="0.647" /><testcase classname="tests.test_iteration4.TestDailySummary" name="test_head_can_trigger" time="0.284" /><testcase classname="tests.test_iteration4.TestDailySummary" name="test_technician_forbidden" time="0.088" /><testcase classname="tests.test_iteration4.TestSitesFilter" name="test_sites_and_filter" time="0.371" /><testcase classname="tests.test_iteration4.TestAfterPhoto" name="test_after_photo_persist_and_role" time="61.317" /><testcase classname="tests.test_iteration4.TestUnitHistory" name="test_returns_events_and_building" time="0.283" /><testcase classname="tests.test_iteration4.TestExcelExport" name="test_excel_download" time="0.287" /><testcase classname="tests.test_iteration4.TestCustomerEmailApprove" name="test_approve_with_customer_email" time="0.781" /><testcase classname="tests.test_iteration4.TestNewRoles" name="test_admin_creates_role_and_login[troubleshooter]" time="0.640" /><testcase classname="tests.test_iteration4.TestNewRoles" name="test_admin_creates_role_and_login[admin_staff]" time="0.631" /><testcase classname="tests.test_iteration4.TestNewRoles" name="test_admin_creates_role_and_login[contract_staff]" time="0.623" /><testcase classname="tests.test_iteration4.TestBuildingsContract" name="test_lookup_ex3155_contract" time="0.090" /></testsuite></testsuites>