<?xml version="1.0" encoding="utf-8"?><testsuites name="pytest tests"><testsuite name="pytest" errors="0" failures="0" skipped="0" tests="13" time="6.940" timestamp="2026-08-10T07:12:59.654904+00:00" hostname="agent-env-a0c8de72-b712-4b6a-9116-fcc54acdf45f"><testcase classname="tests.test_iteration3" name="test_sir_pdf_filename_and_type" time="1.323" /><testcase classname="tests.test_iteration3" name="test_sir_status_workflow_and_downgrade_rules" time="1.957" /><testcase classname="tests.test_iteration3" name="test_sir_add_signature_role_gating" time="0.757" /><testcase classname="tests.test_iteration3" name="test_ecr_create_list_get" time="0.281" /><testcase classname="tests.test_iteration3" name="test_ecr_edit_draft_ok_and_forbid_after_submit" time="0.282" /><testcase classname="tests.test_iteration3" name="test_ecr_signature_role_gating" time="0.286" /><testcase classname="tests.test_iteration3" name="test_ecr_status_approved_downgrade_only_head" time="0.421" /><testcase classname="tests.test_iteration3" name="test_ecr_pdf_filename" time="0.174" /><testcase classname="tests.test_iteration3" name="test_ecr_delete_by_owner" time="0.241" /><testcase classname="tests.test_iteration3" name="test_hor_create" time="0.228" /><testcase classname="tests.test_iteration3" name="test_hor_signature_keys" time="0.539" /><testcase classname="tests.test_iteration3" name="test_hor_pdf_filename" time="0.268" /><testcase classname="tests.test_iteration3" name="test_invalid_report_type_returns_400" time="0.096" /></testsuite></testsuites>