<?xml version="1.0" encoding="utf-8"?><testsuites name="pytest tests"><testsuite name="pytest" errors="0" failures="0" skipped="0" tests="13" time="8.866" timestamp="2026-08-10T08:23:18.493296+00:00" hostname="agent-env-a0c8de72-b712-4b6a-9116-fcc54acdf45f"><testcase classname="tests.test_iteration4.TestPdfTokens" name="test_inspection_pdf_requires_token" time="2.943" /><testcase classname="tests.test_iteration4.TestPdfTokens" name="test_report_pdf_requires_token" time="0.649" /><testcase classname="tests.test_iteration4.TestDailySummary" name="test_head_can_trigger" time="0.411" /><testcase classname="tests.test_iteration4.TestDailySummary" name="test_technician_forbidden" time="0.092" /><testcase classname="tests.test_iteration4.TestSitesFilter" name="test_sites_and_filter" time="0.375" /><testcase classname="tests.test_iteration4.TestAfterPhoto" name="test_after_photo_persist_and_role" time="0.996" /><testcase classname="tests.test_iteration4.TestUnitHistory" name="test_returns_events_and_building" time="0.273" /><testcase classname="tests.test_iteration4.TestExcelExport" name="test_excel_download" time="0.300" /><testcase classname="tests.test_iteration4.TestCustomerEmailApprove" name="test_approve_with_customer_email" time="0.743" /><testcase classname="tests.test_iteration4.TestNewRoles" name="test_admin_creates_role_and_login[troubleshooter]" time="0.637" /><testcase classname="tests.test_iteration4.TestNewRoles" name="test_admin_creates_role_and_login[admin_staff]" time="0.646" /><testcase classname="tests.test_iteration4.TestNewRoles" name="test_admin_creates_role_and_login[contract_staff]" time="0.627" /><testcase classname="tests.test_iteration4.TestBuildingsContract" name="test_lookup_ex3155_contract" time="0.092" /></testsuite></testsuites>