<?xml version="1.0" encoding="utf-8"?><testsuites name="pytest tests"><testsuite name="pytest" errors="0" failures="0" skipped="0" tests="30" time="8.687" timestamp="2026-07-28T06:42:30.082499+00:00" hostname="agent-env-a0c8de72-b712-4b6a-9116-fcc54acdf45f"><testcase classname="tests.backend_test" name="test_login_each_role[admin]" time="0.384" /><testcase classname="tests.backend_test" name="test_login_each_role[technician]" time="0.317" /><testcase classname="tests.backend_test" name="test_login_each_role[supervisor]" time="0.331" /><testcase classname="tests.backend_test" name="test_login_each_role[head_maintenance]" time="0.318" /><testcase classname="tests.backend_test" name="test_login_each_role[sales]" time="0.325" /><testcase classname="tests.backend_test" name="test_login_each_role[inventory]" time="0.317" /><testcase classname="tests.backend_test" name="test_login_each_role[customer]" time="0.321" /><testcase classname="tests.backend_test" name="test_login_invalid" time="0.318" /><testcase classname="tests.backend_test" name="test_auth_me" time="0.428" /><testcase classname="tests.backend_test" name="test_checklist_counts_and_photo_points" time="0.507" /><testcase classname="tests.backend_test" name="test_checklist_invalid_type" time="0.105" /><testcase classname="tests.backend_test" name="test_create_full_inspection" time="0.096" /><testcase classname="tests.backend_test" name="test_list_inspections_includes_created" time="0.095" /><testcase classname="tests.backend_test" name="test_get_inspection_by_id" time="0.414" /><testcase classname="tests.backend_test" name="test_technician_cannot_check" time="0.097" /><testcase classname="tests.backend_test" name="test_supervisor_can_check" time="0.095" /><testcase classname="tests.backend_test" name="test_supervisor_cannot_approve" time="0.117" /><testcase classname="tests.backend_test" name="test_head_maintenance_can_approve" time="0.423" /><testcase classname="tests.backend_test" name="test_sales_can_update_sales_status" time="0.428" /><testcase classname="tests.backend_test" name="test_sales_cannot_update_inventory_status" time="0.098" /><testcase classname="tests.backend_test" name="test_inventory_can_update_inventory_status" time="0.415" /><testcase classname="tests.backend_test" name="test_customer_can_update_po" time="0.432" /><testcase classname="tests.backend_test" name="test_customer_cannot_update_sales_status" time="0.098" /><testcase classname="tests.backend_test" name="test_spare_parts_aggregation" time="0.095" /><testcase classname="tests.backend_test" name="test_spare_parts_filters" time="0.193" /><testcase classname="tests.backend_test" name="test_dashboard_stats" time="0.419" /><testcase classname="tests.backend_test" name="test_upload_and_download_image" time="0.689" /><testcase classname="tests.backend_test" name="test_pdf_export" time="0.125" /><testcase classname="tests.backend_test" name="test_admin_create_and_list_user" time="0.506" /><testcase classname="tests.backend_test" name="test_non_admin_cannot_create_user" time="0.103" /></testsuite></testsuites>